0000-01-01_00:00:00,0,0
2022-03-14_16:58:32,7,2
2022-03-14_20:04:45,0,1
2022-03-15_04:09:49,0,2
2022-03-15_04:21:51,0,1
2022-03-15_06:30:35,0,1
2022-03-15_06:31:04,0,1
2022-03-15_14:11:01,0,12
2022-03-16_18:06:00,6,0
2022-03-16_19:06:24,0,1
2022-03-17_01:34:14,0,1
2022-03-17_13:07:20,0,1
2022-03-17_16:12:52,0,1
2022-03-17_19:16:17,0,1
2022-03-17_20:04:52,0,1
2022-03-18_00:15:05,0,2
2022-03-18_00:18:59,0,1
2022-03-18_12:31:13,0,1
2022-03-18_17:31:04,0,1
2022-03-19_02:09:32,0,3
2022-03-19_02:09:50,0,1
2022-03-19_02:22:15,0,1
2022-03-20_00:47:42,0,4
2022-03-20_01:18:22,0,1
2022-03-20_19:20:12,0,2
2022-03-20_20:53:15,0,2
2022-03-20_23:26:38,0,4
2022-03-21_01:01:22,2,0
2022-03-21_01:26:23,2,0
2022-03-21_01:45:53,2,0
2022-03-21_01:48:28,0,1
2022-03-21_03:24:28,2,0
2022-03-21_03:39:58,3,0
2022-03-21_12:02:49,0,1
2022-03-22_14:16:49,0,1
2022-03-22_14:32:24,0,1
2022-03-22_14:50:07,0,1
2022-03-22_14:50:48,0,3
2022-03-22_16:33:40,1,1
2022-03-22_16:38:14,0,1
2022-03-23_01:40:21,0,1
2022-03-23_09:47:03,0,1
2022-03-23_13:08:25,0,1
2022-03-23_15:43:15,0,3
2022-03-23_22:56:47,0,2
2022-03-24_00:35:24,0,2
2022-03-24_21:23:34,0,3
2022-03-25_00:52:17,0,1
2022-03-25_00:57:38,0,1
2022-03-25_12:32:50,6,2
2022-03-25_23:05:26,0,1
2022-03-26_14:41:12,0,2
2022-03-26_14:41:50,1,0
2022-03-26_23:45:48,0,1
2022-03-27_13:22:16,5,0
2022-03-27_13:32:25,2,0
2022-03-27_13:32:29,0,1
2022-03-27_22:24:11,0,1
2022-03-28_10:43:18,1,0
2022-03-28_22:29:53,0,3
2022-03-28_22:41:49,0,1
2022-03-29_10:45:02,0,1
2022-03-29_10:45:28,0,1
2022-03-29_14:32:22,0,1
2022-03-29_22:17:06,0,1
2022-03-30_08:15:05,0,1
2022-03-30_11:15:57,0,2
2022-03-30_14:05:35,0,1
2022-03-30_20:52:21,0,1
2022-03-31_00:09:02,0,1
2022-03-31_15:45:15,0,1
2022-04-01_07:52:21,0,1
2022-04-01_09:09:56,0,1
2022-04-01_11:48:05,0,1
2022-04-01_11:48:12,0,2
2022-04-01_13:43:22,0,1
2022-04-01_16:33:33,0,1
2022-04-02_08:59:28,0,2
2022-04-02_10:20:04,0,1
2022-04-03_14:38:28,0,1
2022-04-03_14:51:12,0,1
2022-04-03_23:42:45,0,2
2022-04-04_13:25:36,1,0
2022-04-04_23:33:01,0,1
2022-04-04_23:33:08,0,1
2022-04-05_07:49:00,0,1
2022-04-05_11:19:47,2,0
2022-04-05_12:12:27,0,2
2022-04-05_12:37:05,2,0
2022-04-05_15:14:58,0,1
2022-04-05_16:26:28,0,1
2022-04-05_16:26:33,1,0
2022-04-05_17:27:57,2,0
2022-04-05_18:19:59,4,0
2022-04-05_18:24:53,0,1
2022-04-05_21:10:47,0,1
2022-04-06_09:39:45,0,2
2022-04-06_14:17:20,0,1
2022-04-06_14:34:35,0,1
2022-04-06_14:34:44,0,-1
2022-04-06_14:35:10,0,1
2022-04-06_14:53:54,2,0
2022-04-06_15:21:16,2,0
2022-04-07_12:45:06,0,1
2022-04-07_18:37:18,1,0
2022-04-07_20:30:43,1,0
2022-04-07_20:55:50,1,0
2022-04-08_21:40:49,0,1
2022-04-08_22:16:56,0,1
2022-04-08_22:17:11,1,-1
2022-04-09_17:35:44,0,1
2022-04-10_00:31:54,0,1
2022-04-10_00:33:11,0,1
2022-04-10_01:51:15,0,1
2022-04-10_15:00:03,0,1
2022-04-10_15:56:13,0,1
2022-04-10_17:12:00,0,1
2022-04-10_17:38:48,1,0
2022-04-10_19:04:50,1,0
2022-04-10_22:29:03,1,0
2022-04-11_04:53:42,1,0
2022-04-11_07:20:11,0,1
2022-04-11_09:41:32,1,0
2022-04-11_13:07:36,0,1
2022-04-11_16:40:38,0,1
2022-04-11_16:53:25,0,1
2022-04-11_16:53:29,0,1
2022-04-11_18:03:01,2,0
2022-04-11_20:56:36,0,1
2022-04-11_21:29:54,0,1
2022-04-12_11:43:02,2,0
2022-04-12_16:45:40,1,0
2022-04-12_16:50:52,0,2
2022-04-12_20:08:03,1,0
2022-04-12_20:32:01,1,0
2022-04-12_21:28:43,0,1
2022-04-13_10:42:38,0,1
2022-04-13_12:57:27,1,0
2022-04-13_14:33:00,0,2
2022-04-13_16:59:52,0,1
2022-04-15_18:55:33,0,1
2022-04-15_18:58:29,0,1
2022-04-17_10:33:06,0,2
2022-04-17_11:09:44,0,1
2022-04-17_17:36:11,0,5
2022-04-19_00:04:52,0,3
2022-04-19_11:40:34,0,1
2022-04-19_11:40:39,0,1
2022-04-19_12:17:14,0,1
2022-04-19_12:44:12,1,0
2022-04-19_19:10:03,0,1
2022-04-19_19:17:32,0,1
2022-04-20_00:19:23,0,4
2022-04-20_01:02:20,0,1
2022-04-20_01:02:40,0,1
2022-04-20_22:48:46,0,1
2022-04-21_00:13:33,0,1
2022-04-21_00:30:21,0,1
2022-04-21_00:40:49,1,-1
2022-04-21_00:49:42,0,1
2022-04-21_01:23:50,0,1
2022-04-23_01:03:16,0,6
2022-04-23_19:48:03,0,1
2022-04-25_15:32:24,0,1
2022-04-25_15:32:42,0,2
2022-04-25_15:47:22,0,2
2022-04-25_15:59:52,0,1
2022-04-25_16:30:57,0,1
2022-04-25_16:52:01,0,1
2022-04-25_20:31:55,0,1
2022-04-25_21:21:21,1,0
2022-04-25_22:01:45,1,0
2022-04-25_22:04:10,1,0
2022-04-25_22:48:53,0,1
2022-04-25_22:50:05,0,2
2022-04-25_22:50:12,2,-2
2022-04-26_10:35:00,1,0
2022-04-26_12:33:48,0,2
2022-04-26_12:43:54,0,1
2022-04-26_21:32:46,0,2
2022-04-26_22:33:15,0,1
2022-04-28_05:30:16,0,1
2022-04-28_05:30:18,1,-1
2022-04-28_06:27:16,0,2
2022-04-28_12:20:56,0,2
2022-04-28_13:34:38,1,0
2022-04-28_16:13:32,1,0
2022-04-28_16:14:20,0,1
2022-04-28_20:51:37,0,1
2022-04-28_21:01:28,1,0
2022-04-29_12:14:23,0,2
2022-04-29_17:00:44,0,1
2022-04-29_17:01:31,0,1
2022-04-29_17:27:56,0,1
2022-04-30_22:48:08,0,1
2022-05-01_21:10:23,0,1
2022-05-01_21:10:33,1,-1
2022-05-01_21:52:09,1,0
2022-05-01_22:57:34,0,1
2022-05-02_07:36:29,0,2
2022-05-02_07:38:14,0,1
2022-05-02_23:36:48,1,0
2022-05-03_04:19:04,0,1
2022-05-03_05:19:39,0,1
2022-05-03_17:46:31,0,1
2022-05-03_17:49:45,0,1
2022-05-03_17:51:23,0,1
2022-05-03_20:14:44,0,1
2022-05-03_20:19:28,0,1
2022-05-03_20:20:09,0,1
2022-05-03_20:57:14,0,1
2022-05-03_21:08:02,0,1
2022-05-03_21:12:02,0,1
2022-05-03_23:38:23,0,1
2022-05-04_01:28:47,0,1
2022-05-04_07:53:01,0,1
2022-05-04_14:53:54,0,1
2022-05-04_14:53:57,0,1
2022-05-04_14:53:58,0,1
2022-05-04_16:05:58,0,1
2022-05-04_18:27:41,0,1
2022-05-05_19:15:12,0,1
2022-05-05_23:56:11,0,2
2022-05-06_12:28:32,0,1
2022-05-06_13:24:31,0,1
2022-05-06_15:23:43,0,1
2022-05-06_21:37:38,1,0
2022-05-06_22:30:08,1,0
2022-05-06_23:47:51,1,0
2022-05-07_19:29:25,0,1
2022-05-07_22:05:22,0,1
2022-05-07_23:46:41,0,1
2022-05-08_10:48:28,0,6
2022-05-08_15:12:02,0,2
2022-05-08_18:20:22,0,1
2022-05-09_13:54:13,1,0
2022-05-09_14:13:02,0,3
2022-05-09_14:48:16,0,2
2022-05-10_00:03:30,0,1
2022-05-10_00:03:35,1,-1
2022-05-10_19:56:40,1,0
2022-05-11_18:25:53,0,1
2022-05-11_18:25:54,0,1
2022-05-11_18:27:06,0,2
2022-05-11_18:34:19,0,1
2022-05-12_22:56:45,0,3
2022-05-12_23:39:23,0,3
2022-05-14_09:22:43,0,3
2022-05-14_09:23:37,0,1
2022-05-14_13:27:45,0,3
2022-05-14_21:20:43,0,1
2022-05-15_17:32:42,0,2
2022-05-15_17:35:17,0,1
2022-05-15_17:40:29,0,1
2022-05-15_21:20:59,1,1
2022-05-15_21:46:08,1,0
2022-05-15_21:55:01,1,0
2022-05-15_22:17:08,0,1
2022-05-17_00:16:08,0,2
2022-05-17_00:17:40,0,1
2022-05-17_18:28:25,0,1
2022-05-17_18:28:34,3,0
2022-05-17_19:07:43,1,0
2022-05-17_22:00:42,0,1
2022-05-17_22:05:14,0,1
2022-05-18_11:02:49,0,1
2022-05-18_12:07:28,0,1
2022-05-18_15:06:15,0,1
2022-05-18_16:39:02,0,2
2022-05-18_16:54:16,0,1
2022-05-18_19:31:27,0,3
2022-05-18_23:57:31,0,1
2022-05-19_00:39:02,0,1
2022-05-19_00:47:31,0,3
2022-05-19_11:28:26,0,4
2022-05-19_13:32:37,0,1
2022-05-19_19:49:52,2,1
2022-05-19_22:17:01,1,0
2022-05-19_22:22:29,1,0
2022-05-20_00:05:28,0,1
2022-05-20_00:55:57,0,6
2022-05-20_13:45:48,0,1
2022-05-20_19:40:25,0,4
2022-05-20_19:41:08,0,1
2022-05-21_21:51:42,0,4
2022-05-22_14:30:52,0,3
2022-05-22_15:02:52,0,2
2022-05-22_18:02:02,0,2
2022-05-22_20:09:45,0,2
2022-05-23_00:54:38,0,6
2022-05-23_03:01:44,0,5
2022-05-24_18:08:07,0,2
2022-05-25_12:00:08,0,1
2022-05-25_12:38:58,0,2
2022-05-26_02:40:21,0,10
2022-05-26_03:54:28,0,1
2022-05-26_03:54:51,0,1
2022-05-26_04:02:09,0,1
2022-05-26_18:59:49,0,1
2022-05-26_23:14:43,0,1
2022-05-27_01:28:56,1,0
2022-05-27_02:42:44,1,0
2022-05-27_04:34:16,0,1
2022-05-27_04:41:21,0,1
2022-05-27_04:41:27,0,1
2022-05-27_21:16:28,0,4
2022-05-27_21:17:04,0,5
2022-05-27_21:21:10,0,1
2022-05-27_21:21:56,0,1
2022-05-27_22:42:53,0,1
2022-05-27_22:58:03,0,1
2022-05-29_07:46:16,0,1
2022-05-29_12:15:28,0,1
2022-05-29_12:43:14,0,1
2022-05-30_03:51:00,0,3
2022-05-30_12:25:10,0,4
2022-05-30_15:12:40,0,2
2022-05-30_15:12:45,0,1
2022-05-30_17:00:40,0,1
2022-05-30_17:32:33,0,1
2022-05-30_18:47:23,0,6
2022-05-30_20:28:27,0,1
2022-05-30_20:32:59,0,1
2022-05-30_20:37:49,0,1
2022-05-30_22:48:08,0,1
2022-05-31_12:34:45,0,6
2022-06-01_13:57:38,5,0
2022-06-01_14:27:24,0,1
2022-06-01_15:01:06,0,1
2022-06-01_15:30:46,0,1
2022-06-01_16:06:44,0,1
2022-06-01_16:13:19,0,1
2022-06-01_16:29:38,0,2
2022-06-01_17:11:40,0,1
2022-06-01_17:20:12,0,2
2022-06-01_17:42:08,0,1
2022-06-01_18:00:22,0,1
2022-06-01_22:11:47,0,1
2022-06-02_00:39:38,0,2
2022-06-02_13:11:52,0,3
2022-06-02_14:34:23,3,0
2022-06-02_16:31:30,0,2
2022-06-02_17:01:40,0,1
2022-06-02_17:33:26,4,0
2022-06-02_17:39:41,1,0
2022-06-02_21:47:29,0,1
2022-06-03_10:10:35,0,1
2022-06-03_19:42:58,0,3
2022-06-03_19:47:20,0,4
2022-06-03_23:54:21,0,4
2022-06-04_02:39:00,0,1
2022-06-04_02:42:58,0,3
2022-06-04_12:27:00,0,4
2022-06-04_12:45:25,0,1
2022-06-04_13:57:03,3,0
2022-06-05_01:35:47,0,7
2022-06-05_01:36:17,0,1
2022-06-05_13:53:44,0,2
2022-06-05_14:12:59,0,1
2022-06-05_23:59:48,0,1
2022-06-06_00:00:30,0,4
2022-06-06_14:13:45,0,1
2022-06-06_17:30:19,0,1
2022-06-07_17:32:27,0,3
2022-06-07_20:06:38,0,1
2022-06-07_21:42:08,0,3
2022-06-08_00:51:18,0,1
2022-06-08_04:18:53,0,1
2022-06-08_15:20:40,0,1
2022-06-09_07:49:05,0,1
2022-06-09_14:28:56,0,1
2022-06-09_20:33:58,0,2
2022-06-09_23:00:38,0,1
2022-06-09_23:27:34,0,3
2022-06-10_10:00:48,0,2
2022-06-10_10:00:55,2,-2
2022-06-10_15:54:09,0,1
2022-06-10_16:08:40,0,2
2022-06-11_14:11:22,0,1
2022-06-12_12:58:52,0,1
2022-06-12_18:46:39,0,1
2022-06-12_18:48:27,0,1
2022-06-12_20:29:09,0,1
2022-06-13_09:08:39,0,1
2022-06-13_09:38:08,0,1
2022-06-13_11:59:26,0,1
2022-06-13_14:32:13,0,1
2022-06-13_18:04:34,0,1
2022-06-14_01:41:48,0,1
2022-06-14_01:48:54,0,1
2022-06-14_01:48:57,0,-1
2022-06-14_01:48:59,0,1
2022-06-14_17:22:24,0,1
2022-06-14_17:22:31,0,1
2022-06-14_17:55:21,2,0
2022-06-14_18:19:07,0,1
2022-06-14_18:21:01,2,0
2022-06-14_18:45:48,0,1
2022-06-15_13:15:38,0,1
2022-06-15_13:33:23,0,1
2022-06-16_00:21:34,0,1
2022-06-16_14:39:24,0,1
2022-06-16_17:26:27,1,0
2022-06-16_17:50:40,1,0
2022-06-17_00:04:17,0,1
2022-06-17_02:52:26,0,5
2022-06-17_06:53:58,0,2
2022-06-17_13:08:11,0,2
2022-06-17_15:18:42,0,1
2022-06-17_23:21:37,0,1
2022-06-17_23:30:07,0,1
2022-06-18_19:36:42,0,1
2022-06-18_19:36:54,0,1
2022-06-19_01:54:58,0,2
2022-06-19_21:46:47,0,1
2022-06-19_21:59:28,0,1
2022-06-19_22:00:52,0,1
2022-06-19_22:01:26,0,1
2022-06-19_22:02:57,0,1
2022-06-21_00:39:48,0,1
2022-06-21_01:01:59,0,1
2022-06-21_16:54:29,0,2
2022-06-21_18:47:48,0,1
2022-06-21_19:02:20,0,1
2022-06-21_19:03:21,0,1
2022-06-21_23:12:21,0,1
2022-06-21_23:26:49,0,2
2022-06-21_23:40:17,0,2
2022-06-21_23:53:46,0,2
2022-06-21_23:57:55,0,1
2022-06-22_00:24:50,0,1
2022-06-22_16:28:29,0,1
2022-06-22_20:57:54,0,2
2022-06-23_05:15:29,0,7
2022-06-23_05:36:06,0,1
2022-06-23_12:34:42,0,4
2022-06-23_15:24:50,0,1
2022-06-23_17:56:31,0,2
2022-06-23_23:32:09,0,1
2022-06-23_23:47:35,0,1
2022-06-24_01:03:59,0,1
2022-06-24_01:13:53,0,1
2022-06-24_01:42:06,0,1
2022-06-24_01:48:32,0,1
2022-06-24_21:17:55,0,1
2022-06-25_12:26:53,0,1
2022-06-25_12:42:07,0,1
2022-06-25_12:49:27,0,1
2022-06-26_14:15:07,0,1
2022-06-26_17:19:13,0,1
2022-06-26_17:19:16,0,1
2022-06-27_10:54:41,0,2
2022-06-27_11:51:10,0,1
2022-06-28_09:45:26,0,1
2022-06-29_02:07:07,0,1
2022-06-29_03:22:20,0,1
2022-06-29_13:49:58,0,3
2022-06-29_14:48:33,0,4
2022-06-29_14:59:21,0,1
2022-06-29_15:11:53,0,1
2022-06-29_23:56:38,0,4
2022-07-01_11:57:46,0,3
2022-07-01_23:04:26,0,1
2022-07-01_23:13:38,0,1
2022-07-02_03:46:35,0,3
2022-07-02_04:24:33,0,1
2022-07-02_18:08:03,0,5
2022-07-02_18:08:55,1,0
2022-07-02_20:15:18,0,2
2022-07-02_22:15:28,0,1
2022-07-03_00:03:19,0,2
2022-07-03_00:28:31,0,3
2022-07-03_18:40:05,0,1
2022-07-03_18:55:38,0,1
2022-07-03_19:34:01,0,1
2022-07-03_19:44:49,0,1
2022-07-05_00:11:45,0,1
2022-07-05_00:24:43,0,1
2022-07-07_17:32:42,0,3
2022-07-09_03:10:25,0,2
2022-07-09_19:31:04,0,1
2022-07-10_00:34:58,0,1
2022-07-10_12:02:02,0,1
2022-07-10_16:12:27,0,11
2022-07-10_20:24:32,0,1
2022-07-11_10:15:21,0,1
2022-07-11_11:22:45,0,3
2022-07-11_11:32:38,0,2
2022-07-12_12:56:34,0,1
2022-07-12_17:25:03,0,4
2022-07-12_22:53:34,0,1
2022-07-12_23:04:59,0,1
2022-07-13_00:57:45,0,2
2022-07-13_01:29:46,0,4
2022-07-13_01:51:29,0,2
2022-07-13_16:43:21,0,3
2022-07-13_17:08:18,4,0
2022-07-13_17:09:11,1,0
2022-07-13_19:44:44,0,1
2022-07-14_02:22:37,0,1
2022-07-14_03:21:17,0,1
2022-07-14_03:43:42,0,1
2022-07-14_03:53:35,1,0
2022-07-14_09:05:11,1,0
2022-07-14_10:20:18,0,2
2022-07-14_11:33:53,0,1
2022-07-14_12:31:04,0,2
2022-07-14_14:54:05,0,1
2022-07-14_17:12:19,0,1
2022-07-14_17:54:47,1,0
2022-07-14_18:07:57,0,1
2022-07-14_18:59:57,2,1
2022-07-14_19:27:50,1,0
2022-07-15_14:28:05,0,1
2022-07-15_23:33:26,1,0
2022-07-15_23:40:57,0,1
2022-07-16_00:41:41,1,1
2022-07-16_01:21:52,0,1
2022-07-16_18:58:47,0,1
2022-07-16_18:59:31,0,1
2022-07-16_19:52:06,0,1
2022-07-17_14:35:40,0,3
2022-07-17_17:32:54,0,1
2022-07-17_20:51:35,0,3
2022-07-17_21:41:48,0,1
2022-07-17_23:14:30,0,3
2022-07-18_21:58:49,0,3
2022-07-19_01:15:21,0,3
2022-07-19_01:40:16,0,2
2022-07-19_13:41:44,0,1
2022-07-19_14:06:53,0,1
2022-07-20_01:34:57,0,2
2022-07-20_01:45:42,0,2
2022-07-20_16:23:34,0,4
2022-07-20_16:23:38,0,1
2022-07-22_09:56:48,0,1
2022-07-22_12:24:05,0,1
2022-07-22_12:46:45,0,1
2022-07-22_14:09:43,0,1
2022-07-22_15:21:07,1,0
2022-07-22_16:00:52,2,0
2022-07-22_17:20:22,2,0
2022-07-22_23:31:21,0,3
2022-07-22_23:46:24,0,1
2022-07-23_09:56:24,0,2
2022-07-23_09:56:41,0,1
2022-07-23_11:06:06,0,4
2022-07-24_11:43:58,0,1
2022-07-24_14:17:48,1,0
2022-07-24_14:39:36,1,0
2022-07-24_15:41:17,2,0
2022-07-24_18:55:17,0,1
2022-07-24_22:23:13,2,0
2022-07-24_23:15:57,2,0
2022-07-25_00:16:21,0,1
2022-07-25_00:41:41,1,0
2022-07-25_00:54:27,0,1
2022-07-25_01:31:01,0,1
2022-07-25_12:15:46,0,1
2022-07-25_13:02:26,0,3
2022-07-26_02:15:06,0,1
2022-07-26_02:36:32,0,4
2022-07-26_03:39:37,0,1
2022-07-26_18:47:32,0,2
2022-07-26_22:01:31,0,1
2022-07-26_22:17:58,1,0
2022-07-26_23:23:16,2,1
2022-07-27_00:50:15,0,1
2022-07-27_12:12:26,0,1
2022-07-27_12:19:34,0,1
2022-07-27_13:19:43,0,1
2022-07-27_13:22:05,0,1
2022-07-28_15:18:47,0,2
2022-07-28_23:58:26,0,2
2022-07-29_00:04:04,0,1
2022-07-29_01:06:01,5,0
2022-07-29_01:07:05,1,0
2022-07-29_01:40:41,0,1
2022-07-29_22:23:58,0,1
2022-07-30_16:51:58,0,2
2022-07-30_18:34:54,0,1
2022-07-30_18:58:17,0,1
2022-07-30_20:13:47,0,1
2022-07-31_22:24:49,0,1
2022-07-31_22:24:52,0,-1
2022-08-01_09:35:41,0,1
2022-08-01_12:00:44,0,1
2022-08-01_12:01:03,1,0
2022-08-01_13:03:31,0,2
2022-08-01_14:05:03,0,1
2022-08-01_14:05:48,0,1
2022-08-01_15:03:06,0,3
2022-08-01_16:05:08,0,1
2022-08-01_18:17:15,0,3
2022-08-02_14:31:04,0,1
2022-08-02_17:44:01,0,1
2022-08-02_19:58:56,0,1
2022-08-02_20:19:53,0,1
2022-08-02_22:46:23,0,1
2022-08-02_23:20:43,0,1
2022-08-03_01:59:34,0,1
2022-08-03_11:24:34,0,1
2022-08-03_12:52:26,0,1
2022-08-03_15:58:42,0,1
2022-08-03_16:00:12,0,1
2022-08-04_11:08:05,0,1
2022-08-04_13:12:23,0,2
2022-08-04_18:46:06,0,9
2022-08-04_20:22:46,0,3
2022-08-05_01:07:35,0,1
2022-08-05_13:12:01,0,1
2022-08-06_09:53:08,0,1
2022-08-06_10:00:41,0,1
2022-08-06_10:54:19,0,1
2022-08-06_11:08:58,0,1
2022-08-08_19:49:23,0,2
2022-08-08_20:53:22,0,1
2022-08-09_01:55:28,0,1
2022-08-10_08:07:11,0,1
2022-08-10_12:27:07,0,1
2022-08-10_12:57:17,0,1
2022-08-10_15:23:39,0,1
2022-08-11_02:55:57,0,3
2022-08-11_21:49:25,0,5
2022-08-11_21:49:45,0,1
2022-08-12_12:51:19,0,1
2022-08-12_14:09:42,0,2
2022-08-12_14:19:45,0,1
2022-08-12_14:19:51,0,1
2022-08-12_16:20:58,0,1
2022-08-12_18:09:46,0,1
2022-08-12_23:54:26,0,1
2022-08-13_19:04:32,0,1
2022-08-15_17:56:36,0,1
2022-08-15_18:51:18,0,1
2022-08-16_11:11:41,0,1
2022-08-16_16:34:28,0,1
2022-08-16_17:35:36,0,1
2022-08-16_21:28:30,0,1
2022-08-16_22:58:04,0,1
2022-08-17_15:30:56,0,1
2022-08-18_19:22:28,0,3
2022-08-18_19:22:46,0,1
2022-08-18_21:59:00,0,1
2022-08-19_09:50:45,0,1
2022-08-19_22:45:59,0,9
2022-08-19_22:46:03,0,1
2022-08-21_11:10:21,0,2
2022-08-21_18:39:35,0,2
2022-08-22_00:37:56,0,2
2022-08-22_09:35:27,0,3
2022-08-22_17:29:18,0,3
2022-08-22_23:36:28,0,3
2022-08-23_12:07:50,0,2
2022-08-23_18:27:24,0,4
2022-08-23_18:28:27,0,2
2022-08-23_19:23:00,0,1
2022-08-23_22:51:52,0,1
2022-08-24_15:44:42,0,4
2022-08-24_23:58:48,0,1
2022-08-24_23:59:29,0,1
2022-08-25_13:08:51,0,2
2022-08-25_15:49:58,0,1
2022-08-25_16:16:32,0,1
2022-08-25_17:06:48,0,2
2022-08-28_10:46:53,0,1
2022-08-28_11:44:13,0,1
2022-08-28_15:42:31,0,1
2022-08-29_14:03:48,0,1
2022-08-29_17:33:40,0,1
2022-08-30_18:24:28,0,3
2022-08-30_22:54:16,0,1
2022-08-31_18:09:44,0,2
2022-09-01_03:52:25,0,1
2022-09-01_04:05:32,0,2
2022-09-02_17:58:06,0,3
2022-09-03_00:22:59,0,2
2022-09-03_07:04:18,0,1
2022-09-03_22:53:32,0,1
2022-09-03_22:53:38,0,1
2022-09-04_03:35:18,0,1
2022-09-05_01:39:20,0,1
2022-09-05_01:39:26,0,1
2022-09-05_01:40:05,0,1
2022-09-05_03:33:20,0,1
2022-09-05_04:33:52,0,1
2022-09-05_12:47:30,0,1
2022-09-05_21:45:32,0,4
2022-09-05_21:49:01,0,1
2022-09-06_01:16:41,0,1
2022-09-06_01:35:08,0,1
2022-09-06_14:28:31,0,1
2022-09-06_16:37:42,0,1
2022-09-07_00:08:25,0,2
2022-09-07_08:38:50,0,4
2022-09-07_13:50:38,0,1
2022-09-07_14:07:41,0,1
2022-09-07_23:20:44,0,2
2022-09-07_23:41:56,0,1
2022-09-08_17:44:12,0,1
2022-09-08_17:58:18,0,1
2022-09-08_18:03:00,0,1
2022-09-08_20:25:46,0,1
2022-09-08_20:25:49,0,1
2022-09-08_22:05:53,0,1
2022-09-09_02:19:43,0,1
2022-09-09_03:02:17,0,3
2022-09-09_17:20:44,0,4
2022-09-09_19:13:45,0,1
2022-09-09_19:14:45,0,1
2022-09-09_20:42:41,0,2
2022-09-10_16:02:53,0,2
2022-09-10_19:49:51,0,1
2022-09-10_20:55:20,0,1
2022-09-10_20:55:31,0,1
2022-09-10_20:56:40,0,1
2022-09-11_10:56:48,0,1
2022-09-12_01:26:06,0,1
2022-09-12_01:26:18,0,1
2022-09-12_03:24:42,0,4
2022-09-12_06:24:25,0,1
2022-09-12_06:28:11,0,1
2022-09-12_06:28:38,0,1
2022-09-12_20:22:49,0,1
2022-09-12_22:47:11,0,1
2022-09-13_01:00:09,0,1
2022-09-13_15:06:34,0,1
2022-09-13_17:57:13,0,1
2022-09-13_19:48:21,0,3
2022-09-14_03:18:11,0,3
2022-09-14_05:03:29,0,1
2022-09-14_12:06:28,0,3
2022-09-15_13:14:01,0,1
2022-09-15_13:20:22,0,1
2022-09-15_15:27:10,1,0
2022-09-15_18:09:20,1,1
2022-09-15_18:51:47,0,1
2022-09-15_22:03:20,0,1
2022-09-16_13:15:52,1,0
2022-09-16_15:08:01,1,0
2022-09-16_18:01:27,0,1
2022-09-16_18:26:18,0,1
2022-09-16_19:40:29,0,1
2022-09-16_19:40:44,0,1
2022-09-17_13:58:56,0,4
2022-09-18_14:17:49,0,1
2022-09-19_03:48:23,0,1
2022-09-20_12:36:00,0,1
2022-09-20_12:41:42,0,1
2022-09-20_14:18:32,0,3
2022-09-20_15:06:23,0,1
2022-09-21_00:43:50,0,1
2022-09-21_01:27:04,0,1
2022-09-22_12:46:55,0,1
2022-09-22_12:47:09,0,1
2022-09-22_13:45:31,0,1
2022-09-22_13:58:51,0,2
2022-09-22_22:52:33,0,1
2022-09-23_10:42:57,0,1
2022-09-23_15:29:04,0,1
2022-09-23_16:55:43,0,1
2022-09-23_16:55:57,0,2
2022-09-23_17:32:59,1,0
2022-09-23_23:18:06,0,1
2022-09-24_01:45:22,0,1
2022-09-24_03:39:11,0,1
2022-09-24_12:32:04,0,4
2022-09-24_13:50:36,2,0
2022-09-24_14:36:52,0,1
2022-09-24_15:30:34,1,0
2022-09-24_15:42:53,0,1
2022-09-24_15:56:37,1,0
2022-09-24_18:21:45,0,1
2022-09-24_18:59:53,0,2
2022-09-25_04:28:58,0,2
2022-09-25_04:57:04,0,1
2022-09-25_14:07:12,0,4
2022-09-25_15:04:17,0,1
2022-09-25_16:07:07,2,0
2022-09-25_17:10:05,1,1
2022-09-25_17:54:36,1,0
2022-09-26_13:16:23,0,1
2022-09-26_14:55:33,0,1
2022-09-26_14:55:37,1,-1
2022-09-26_20:02:19,3,2
2022-09-26_21:08:48,0,2
2022-09-26_21:08:48,0,-1
2022-09-26_21:10:10,0,2
2022-09-26_21:13:39,0,1
2022-09-26_22:25:35,4,0
2022-09-26_22:42:41,4,0
2022-09-27_01:49:24,0,1
2022-09-27_02:24:03,0,1
2022-09-27_12:28:49,0,3
2022-09-27_13:46:34,0,1
2022-09-27_14:06:26,1,0
2022-09-27_14:10:33,1,0
2022-09-27_14:22:02,1,0
2022-09-27_16:36:28,1,1
2022-09-27_23:09:15,0,3
2022-09-27_23:25:27,1,0
2022-09-28_17:01:20,0,1
2022-09-29_08:24:40,1,0
2022-09-29_09:30:52,0,1
2022-09-30_00:18:21,0,2
2022-09-30_00:25:19,0,3
2022-09-30_00:27:17,0,1
2022-09-30_13:19:05,0,4
2022-09-30_14:45:48,0,1
2022-09-30_17:08:43,0,1
2022-09-30_22:21:10,0,2
2022-09-30_23:36:42,0,1
2022-09-30_23:48:19,0,1
2022-09-30_23:59:07,0,2
2022-10-01_00:13:34,0,1
2022-10-01_00:25:16,0,1
2022-10-01_14:11:16,0,2
2022-10-01_14:19:20,0,1
2022-10-01_17:09:38,0,4
2022-10-01_22:45:54,0,1
2022-10-02_10:21:35,0,1
2022-10-02_12:46:12,0,1
2022-10-02_19:17:30,1,2
2022-10-02_20:23:27,5,0
2022-10-02_20:48:02,1,0
2022-10-02_22:47:02,0,1
2022-10-03_13:57:39,0,1
2022-10-03_15:25:52,0,2
2022-10-03_15:36:08,0,1
2022-10-03_15:49:23,0,3
2022-10-03_15:51:54,0,1
2022-10-03_15:52:01,0,1
2022-10-03_16:03:34,0,2
2022-10-03_20:21:06,0,2
2022-10-03_20:21:23,0,1
2022-10-03_20:44:51,0,2
2022-10-04_01:03:04,0,1
2022-10-04_12:23:39,0,3
2022-10-04_17:40:18,0,1
2022-10-04_18:14:31,0,1
2022-10-04_21:52:50,0,1
2022-10-04_22:10:17,0,1
2022-10-04_23:41:22,0,1
2022-10-04_23:41:40,0,-1
2022-10-05_02:10:05,0,1
2022-10-05_02:31:32,0,1
2022-10-05_02:47:28,0,1
2022-10-05_19:04:24,0,1
2022-10-05_22:29:08,0,1
2022-10-05_22:34:39,0,1
2022-10-05_22:53:03,0,1
2022-10-05_23:11:04,0,1
2022-10-06_12:56:43,0,1
2022-10-06_14:45:37,0,1
2022-10-06_18:39:36,0,1
2022-10-06_18:40:06,0,1
2022-10-07_01:32:56,0,1
2022-10-07_12:54:20,0,1
2022-10-07_15:38:14,1,1
2022-10-07_15:47:53,4,0
2022-10-07_16:22:20,2,0
2022-10-07_16:52:31,2,0
2022-10-07_17:37:39,0,1
2022-10-07_17:58:25,0,1
2022-10-08_01:37:45,0,1
2022-10-08_13:43:20,0,1
2022-10-08_17:41:19,0,1
2022-10-08_18:20:58,0,1
2022-10-08_19:22:16,3,0
2022-10-08_22:02:23,0,1
2022-10-08_22:39:55,1,0
2022-10-08_23:02:05,0,1
2022-10-09_15:24:06,0,1
2022-10-10_04:31:36,0,1
2022-10-10_04:40:33,1,0
2022-10-10_13:33:06,0,4
2022-10-10_14:08:58,0,2
2022-10-10_16:36:51,0,2
2022-10-10_16:44:08,0,2
2022-10-10_19:01:53,0,1
2022-10-10_23:51:34,0,1
2022-10-11_13:18:06,0,1
2022-10-11_13:59:38,0,1
2022-10-11_14:04:30,0,1
2022-10-12_17:59:30,0,1
2022-10-12_23:12:28,0,2
2022-10-12_23:12:29,0,1
2022-10-13_02:02:38,0,1
2022-10-13_02:02:58,0,1
2022-10-15_22:56:49,0,1
2022-10-16_20:57:45,0,1
2022-10-16_21:09:31,0,1
2022-10-16_22:52:39,0,1
2022-10-17_16:57:43,0,1
2022-10-19_21:27:53,0,1
2022-10-19_23:28:57,0,4
2022-10-20_02:17:05,0,1
2022-10-20_02:28:36,0,1
2022-10-20_12:43:37,0,1
2022-10-20_15:05:45,0,2
2022-10-20_17:49:44,2,0
2022-10-20_18:24:06,0,1
2022-10-21_16:41:56,0,1
2022-10-21_18:46:46,0,2
2022-10-22_00:25:33,0,1
2022-10-22_04:04:13,0,1
2022-10-22_13:57:23,0,1
2022-10-23_03:05:54,1,0
2022-10-23_16:30:00,0,1
2022-10-25_06:31:29,0,1
2022-10-25_06:31:42,0,1
2022-10-26_01:23:34,0,1
2022-10-26_14:23:37,0,1
2022-10-27_10:47:13,0,1
2022-10-27_23:53:28,0,1
2022-10-28_18:48:01,0,1
2022-10-28_18:48:37,0,1
2022-10-28_22:39:11,0,1
2022-10-28_22:40:02,0,1
2022-10-28_22:43:49,0,1
2022-10-28_23:53:53,0,1
2022-10-29_00:39:12,0,5
2022-10-29_00:40:02,0,-4
2022-10-29_12:13:10,0,1
2022-10-29_14:54:14,0,2
2022-10-29_16:43:24,0,2
2022-10-29_19:59:41,0,5
2022-10-29_20:03:17,0,1
2022-10-29_20:40:38,0,8
2022-10-29_20:52:32,0,1
2022-10-29_20:54:16,0,3
2022-10-29_20:54:19,0,1
2022-10-30_20:47:52,0,1
2022-10-30_20:54:36,0,2
2022-10-30_21:18:04,0,1
2022-10-30_21:36:33,0,1
2022-10-31_00:17:24,0,4
2022-10-31_09:12:52,0,2
2022-10-31_09:38:20,0,3
2022-10-31_10:31:57,0,1
2022-10-31_11:04:12,0,2
2022-10-31_11:21:27,0,4
2022-10-31_14:18:21,0,5
2022-10-31_14:23:33,0,9
2022-10-31_19:08:44,0,1
2022-11-01_12:05:06,0,2
2022-11-01_14:44:11,0,32
2022-11-02_20:47:05,0,1
2022-11-02_23:51:25,0,2
2022-11-03_01:31:02,0,1
2022-11-03_01:33:00,0,1
2022-11-03_04:44:10,0,1
2022-11-03_04:49:43,0,3
2022-11-03_13:33:48,0,3
2022-11-03_20:24:32,0,1
2022-11-04_10:36:24,0,1
2022-11-04_13:31:17,0,2
2022-11-04_13:48:57,1,0
2022-11-04_14:01:56,0,1
2022-11-04_15:02:15,0,1
2022-11-04_15:42:20,0,1
2022-11-05_00:48:02,0,1
2022-11-05_00:57:49,0,1
2022-11-05_01:50:50,0,1
2022-11-05_01:51:35,0,1
2022-11-07_13:09:01,0,1
2022-11-07_15:21:27,1,0
2022-11-08_01:32:35,0,1
2022-11-08_01:32:44,0,1
2022-11-08_03:11:39,0,14
2022-11-08_14:19:32,0,1
2022-11-08_16:12:24,0,1
2022-11-08_18:27:42,0,1
2022-11-08_18:48:48,0,1
2022-11-09_02:45:17,0,1
2022-11-09_19:39:02,0,2
2022-11-09_21:56:36,0,1
2022-11-10_01:33:53,0,8
2022-11-10_01:35:48,0,1
2022-11-10_23:09:15,0,1
2022-11-11_00:57:13,0,1
2022-11-11_01:00:00,0,2
2022-11-11_12:00:00,0,1
2022-11-13_12:00:00,0,1
2022-11-16_12:00:00,0,3
2022-11-17_12:00:00,0,5
2022-11-18_12:00:00,0,14
2022-11-19_12:00:00,0,2
2022-11-20_12:00:00,0,2
2022-11-21_12:00:00,0,3
2022-11-22_12:00:00,0,1
2022-11-23_12:00:00,0,12
2022-11-24_12:00:00,0,1
2022-11-25_12:00:00,0,7
2022-11-28_12:00:00,0,1
2022-11-29_12:00:00,0,1
2022-11-30_12:00:00,0,7
2022-12-01_12:00:00,0,1
2022-12-03_12:00:00,0,1
2022-12-04_04:54:38,0,5
2022-12-04_06:46:37,0,2
2022-12-04_12:00:00,0,2
2022-12-05_01:41:24,0,1
2022-12-05_01:41:37,0,1
2022-12-05_01:44:59,0,1
2022-12-05_02:13:53,0,2
2022-12-05_03:01:57,0,1
2022-12-05_03:33:50,0,1
2022-12-05_05:23:29,0,1
2022-12-05_21:53:43,0,1
2022-12-06_00:12:25,0,1
2022-12-06_00:16:11,0,1
2022-12-06_00:46:27,0,1
2022-12-06_00:53:32,0,2
2022-12-06_02:21:16,0,1
2022-12-06_15:21:02,0,1
2022-12-06_15:32:00,0,1
2022-12-06_17:54:19,0,2
2022-12-06_18:36:57,0,4
2022-12-07_01:09:05,0,3
2022-12-08_18:02:04,0,1
2022-12-09_04:45:38,0,1
2022-12-09_21:10:22,0,1
2022-12-11_00:47:56,0,3
2022-12-11_03:23:32,0,1
2022-12-11_03:28:40,0,1
2022-12-11_03:57:10,0,1
2022-12-11_07:27:16,0,1
2022-12-11_08:36:31,0,1
2022-12-11_08:38:52,3,0
2022-12-13_07:36:26,0,1
2022-12-13_07:36:51,0,1
2022-12-13_19:10:49,0,2
2022-12-14_02:41:05,3,1
2022-12-14_02:50:37,0,1
2022-12-14_11:39:06,0,2
2022-12-14_12:11:30,0,2
2022-12-14_17:33:10,0,1
2022-12-15_03:33:59,0,1
2022-12-16_06:38:47,0,1
2022-12-16_10:26:38,0,1
2022-12-16_17:28:59,0,3
2022-12-18_01:23:26,0,1
2022-12-18_18:22:04,0,1
2022-12-18_19:16:06,0,1
2022-12-19_11:49:03,0,1
2022-12-20_02:18:21,0,1
2022-12-20_02:18:53,0,1
2022-12-20_11:01:27,0,1
2022-12-20_11:40:17,1,2
2022-12-20_13:25:38,0,1
2022-12-21_16:50:40,0,5
2022-12-22_11:24:50,0,1
2022-12-22_19:52:10,0,1
2022-12-24_11:34:55,0,1
2022-12-24_11:35:07,0,1
2022-12-24_12:34:58,0,1
2022-12-25_05:04:14,0,1
2022-12-25_08:20:59,0,1
2022-12-27_02:56:59,0,1
2022-12-27_02:57:13,0,1
2022-12-27_04:12:33,0,1
2022-12-29_02:33:32,0,1
2022-12-29_02:52:59,0,1
2022-12-29_19:48:57,0,1
2022-12-29_20:16:33,1,0
2022-12-29_21:55:15,1,1
2022-12-29_23:56:11,0,2
2022-12-29_23:56:18,0,-1
2022-12-31_14:06:02,0,1
2023-01-01_19:33:11,0,1
2023-01-03_05:04:57,0,1
2023-01-03_05:05:37,0,1
2023-01-09_07:21:57,0,1
2023-01-16_16:15:46,0,2
2023-01-16_16:15:49,0,1
2023-01-16_16:30:00,0,2
2023-01-17_19:20:46,0,1
2023-01-19_05:01:55,0,1
2023-01-19_07:13:15,0,3
2023-01-19_09:00:11,1,3
2023-01-19_11:05:48,0,2
2023-01-19_13:02:21,0,3
2023-01-19_23:12:15,0,3
2023-01-19_23:27:24,0,1
2023-01-20_14:08:14,0,1
2023-01-20_15:41:33,0,1
2023-01-20_16:05:45,0,1
2023-01-20_19:37:56,1,0
2023-01-20_21:15:39,0,2
2023-01-20_21:45:41,0,3
2023-01-20_22:50:38,0,1
2023-01-20_22:59:41,0,1
2023-01-20_23:57:10,0,2
2023-01-20_23:59:41,0,1
2023-01-21_00:04:37,0,2
2023-01-21_00:15:20,0,1
2023-01-21_00:42:56,0,1
2023-01-21_00:57:14,0,1
2023-01-21_01:07:07,0,2
2023-01-21_01:34:03,0,1
2023-01-22_22:03:28,0,2
2023-01-23_12:13:25,0,1
2023-01-23_13:20:19,0,1
2023-01-23_16:12:04,0,1
2023-01-23_18:31:03,0,1
2023-01-23_18:31:21,0,1
2023-01-23_21:09:08,0,3
2023-01-23_22:49:41,0,1
2023-01-24_00:11:31,0,2
2023-01-24_00:38:18,0,1
2023-01-24_14:02:24,0,1
2023-01-24_14:03:22,0,5
2023-01-24_18:03:56,0,2
2023-01-24_18:06:05,0,1
2023-01-24_18:08:44,0,1
2023-01-24_23:51:39,0,3
2023-01-25_09:31:54,0,1
2023-01-25_10:42:07,0,2
2023-01-25_11:18:56,0,1
2023-01-25_13:14:09,2,0
2023-01-25_21:58:22,0,1
2023-01-25_22:01:39,0,1
2023-01-25_23:07:28,0,1
2023-01-26_00:16:59,0,1
2023-01-26_02:06:42,0,1
2023-01-26_13:50:31,0,2
2023-01-26_14:16:07,0,1
2023-01-26_14:40:40,0,2
2023-01-26_14:56:48,0,1
2023-01-26_16:55:53,0,4
2023-01-26_18:56:03,0,16
2023-01-26_19:00:25,0,1
2023-01-27_03:13:31,0,4
2023-01-27_12:31:39,0,1
2023-01-27_16:33:26,0,1
2023-01-27_22:05:54,0,1
2023-01-28_18:58:34,0,1
2023-01-28_23:54:06,0,1
2023-01-29_15:15:40,0,4
2023-01-29_15:19:34,0,1
2023-01-30_00:30:24,0,3
2023-01-30_14:44:23,0,1
2023-01-30_15:32:14,0,3
2023-01-30_22:33:54,0,1
2023-01-31_04:51:22,0,1
2023-01-31_15:08:28,0,2
2023-01-31_15:22:31,0,1
2023-02-01_02:22:05,0,2
2023-02-03_02:17:49,0,1
2023-02-03_03:15:20,0,1
2023-02-03_19:49:54,0,1
2023-02-03_21:11:02,0,2
2023-02-03_22:30:55,0,2
2023-02-04_02:13:59,0,1
2023-02-06_01:47:30,0,1
2023-02-06_12:26:48,0,2
2023-02-07_05:46:32,0,1
2023-02-08_09:16:58,0,1
2023-02-08_09:17:20,0,1
2023-02-08_09:17:34,0,1
2023-02-08_13:37:41,0,2
2023-02-08_19:23:29,0,1
2023-02-08_19:23:43,0,1
2023-02-08_19:39:21,0,1
2023-02-09_03:32:39,0,4
2023-02-09_19:17:26,0,1
2023-02-10_11:38:16,0,4
2023-02-10_11:43:06,0,1
2023-02-10_11:48:22,0,1
2023-02-10_14:20:16,0,3
2023-02-10_14:25:56,0,1
2023-02-10_14:39:57,0,2
2023-02-10_14:56:07,0,2
2023-02-10_16:22:55,0,2
2023-02-10_16:24:07,0,1
2023-02-10_17:21:38,0,1
2023-02-10_23:05:35,0,1
2023-02-11_15:41:38,0,2
2023-02-12_01:41:42,0,2
2023-02-12_04:22:36,0,1
2023-02-13_18:53:21,0,2
2023-02-13_18:59:09,0,1
2023-02-13_23:37:39,0,4
2023-02-14_00:33:05,0,2
2023-02-14_04:50:14,0,2
2023-02-15_11:09:52,0,1
2023-02-15_12:28:30,0,2
2023-02-15_12:47:54,0,1
2023-02-16_02:57:02,0,1
2023-02-16_03:55:47,0,1
2023-02-16_18:04:18,0,1
2023-02-16_21:25:54,0,1
2023-02-17_08:16:03,0,3
2023-02-17_08:43:38,0,1
2023-02-17_08:45:10,0,1
2023-02-17_11:31:17,0,3
2023-02-17_11:57:26,0,2
2023-02-17_11:59:34,0,1
2023-02-17_11:59:39,1,-1
2023-02-17_16:54:43,3,1
2023-02-23_13:33:08,0,29
2023-02-23_13:41:38,0,9
2023-02-23_13:46:01,0,7
2023-02-23_16:51:19,0,1
2023-02-23_16:53:47,0,1
2023-02-23_22:00:41,0,1
2023-02-24_09:39:59,0,1
2023-02-24_10:33:52,0,2
2023-02-24_10:54:07,0,4
2023-02-24_11:39:55,0,8
2023-02-24_11:45:47,0,2
2023-02-24_15:20:07,0,2
2023-02-24_15:44:46,0,1
2023-02-24_15:44:54,0,1
2023-02-24_15:44:57,0,-1
2023-02-24_15:44:58,0,1
2023-02-24_15:45:48,0,1
2023-02-26_21:39:04,0,1
2023-02-26_21:45:47,0,1
2023-02-26_22:01:20,0,4
2023-02-26_23:03:31,0,1
2023-02-26_23:10:01,0,1
2023-02-26_23:29:12,0,2
2023-02-26_23:44:54,0,1
2023-02-27_11:51:07,1,0
2023-02-28_02:26:55,0,2
2023-02-28_04:06:35,0,5
2023-02-28_08:50:33,0,4
2023-02-28_08:51:10,1,0
2023-02-28_08:52:29,0,2
2023-02-28_08:53:04,0,8
2023-02-28_09:37:38,0,1
2023-02-28_12:13:09,1,0
2023-02-28_13:39:22,0,1
2023-02-28_14:11:53,0,1
2023-02-28_14:31:52,0,1
2023-03-01_09:44:27,0,5
2023-03-01_10:54:26,0,1
2023-03-01_12:30:01,1,0
2023-03-01_12:34:36,0,1
2023-03-01_14:22:21,1,0
2023-03-01_15:51:37,0,1
2023-03-01_16:36:21,0,1
2023-03-01_16:47:24,0,1
2023-03-02_08:32:21,0,3
2023-03-02_10:16:42,0,1
2023-03-02_10:35:13,0,2
2023-03-02_11:04:26,0,2
2023-03-02_11:11:46,0,4
2023-03-02_13:59:49,0,2
2023-03-02_15:31:14,0,1
2023-03-02_15:32:20,0,-1
2023-03-02_15:56:21,0,2
2023-03-02_16:04:19,0,3
2023-03-02_16:32:52,2,2
2023-03-02_16:55:05,1,0
2023-03-02_16:56:06,-1,1
2023-03-03_09:24:59,0,2
2023-03-03_09:48:21,0,1
2023-03-03_10:22:45,0,2
2023-03-03_10:50:21,0,2
2023-03-03_11:40:42,0,2
2023-03-03_12:12:15,0,1
2023-03-03_12:12:42,0,1
2023-03-03_14:40:29,0,2
2023-03-03_14:54:13,0,4
2023-03-03_16:34:49,0,1
2023-03-03_16:37:00,0,1
2023-03-05_00:52:37,0,3
2023-03-05_00:57:49,0,3
2023-03-06_06:56:25,0,2
2023-03-06_08:34:13,0,6
2023-03-06_08:35:14,8,-6
2023-03-06_08:37:05,1,0
2023-03-06_10:52:09,1,0
2023-03-06_11:14:23,2,0
2023-03-06_11:21:04,0,1
2023-03-06_13:12:43,0,1
2023-03-06_13:42:30,0,1
2023-03-06_16:44:54,0,1
2023-03-06_16:59:47,3,0
2023-03-06_21:28:11,0,1
2023-03-06_22:55:19,0,4
2023-03-07_00:07:05,0,1
2023-03-07_08:03:22,3,0
2023-03-07_10:11:52,0,6
2023-03-07_16:51:58,0,2
2023-03-08_08:17:21,0,1
2023-03-08_09:36:55,1,0
2023-03-08_11:41:59,0,1
2023-03-08_12:38:03,1,0
2023-03-08_12:42:44,0,1
2023-03-08_14:23:35,1,0
2023-03-08_15:07:02,0,1
2023-03-08_15:47:40,0,1
2023-03-08_17:08:16,0,1
2023-03-09_08:46:50,0,1
2023-03-09_10:36:40,0,4
2023-03-09_10:59:52,0,2
2023-03-09_11:22:16,0,1
2023-03-09_11:48:37,0,1
2023-03-09_11:50:59,0,1
2023-03-09_12:18:58,0,2
2023-03-09_13:35:19,0,2
2023-03-09_13:42:01,0,1
2023-03-09_13:59:30,1,0
2023-03-09_16:47:24,2,3
2023-03-09_16:47:52,0,1
2023-03-10_09:06:07,0,6
2023-03-10_13:03:18,0,4
2023-03-10_14:33:24,0,2
2023-03-11_13:12:27,0,5
2023-03-12_12:20:11,0,2
2023-03-12_22:58:05,0,1
2023-03-13_00:11:49,0,1
2023-03-13_00:45:10,0,2
2023-03-13_01:34:56,0,2
2023-03-13_08:47:41,0,4
2023-03-13_09:20:42,0,1
2023-03-13_10:02:18,0,1
2023-03-13_11:06:44,0,1
2023-03-13_11:26:01,0,1
2023-03-13_11:38:20,0,1
2023-03-13_11:42:08,0,1
2023-03-13_13:08:04,0,1
2023-03-13_13:49:18,0,1
2023-03-13_14:24:56,0,4
2023-03-13_14:41:30,0,1
2023-03-13_15:40:55,0,1
2023-03-13_16:09:29,0,1
2023-03-13_19:04:26,0,2
2023-03-13_19:05:22,0,1
2023-03-13_19:24:08,0,1
2023-03-13_19:24:12,0,-1
2023-03-13_19:55:20,0,2
2023-03-14_06:02:36,0,1
2023-03-14_06:02:55,0,1
2023-03-14_06:06:41,0,1
2023-03-14_06:06:46,0,1
2023-03-14_06:06:48,0,-1
2023-03-14_13:14:47,0,1
2023-03-14_13:15:03,0,1
2023-03-14_13:19:56,0,1
2023-03-14_13:21:56,0,1
2023-03-14_13:40:02,0,2
2023-03-14_13:41:27,0,1
2023-03-14_13:41:42,0,1
2023-03-14_13:44:16,0,1
2023-03-14_13:44:46,0,2
2023-03-14_14:15:29,0,1
2023-03-14_18:38:14,0,2
2023-03-14_23:10:30,0,1
2023-03-15_00:19:51,0,1
2023-03-15_00:40:06,0,2
2023-03-15_00:46:13,0,1
2023-03-15_01:24:10,0,1
2023-03-15_01:25:31,0,2
2023-03-15_01:30:52,0,1
2023-03-15_11:13:27,0,2
2023-03-15_11:17:39,0,1
2023-03-15_16:11:10,0,1
2023-03-15_16:41:46,0,4
2023-03-15_16:41:59,0,-1
2023-03-16_00:11:54,0,4
2023-03-16_00:11:55,0,1
2023-03-17_12:02:18,0,1
2023-03-18_12:06:23,0,1
2023-03-22_16:37:10,0,1
2023-03-22_17:21:21,0,1
2023-03-23_09:40:07,0,1
2023-03-23_16:12:39,0,1
2023-03-23_21:01:37,0,1
2023-03-24_00:41:28,0,1
2023-03-24_01:20:52,0,4
2023-03-24_03:10:20,0,2
2023-03-24_20:04:37,0,2
2023-03-26_13:52:24,0,1
2023-03-26_14:07:40,0,1
2023-03-26_15:13:32,0,1
2023-03-26_15:22:43,0,1
2023-03-26_15:23:18,0,1
2023-03-26_16:13:32,0,1
2023-03-26_19:44:43,0,4
2023-03-27_09:59:11,0,2
2023-03-27_11:34:44,0,1
2023-03-27_22:44:22,0,1
2023-03-27_23:26:15,0,1
2023-03-27_23:45:19,0,2
2023-03-28_08:24:54,0,1
2023-03-28_10:27:04,0,2
2023-03-28_13:29:30,0,3
2023-03-28_13:44:59,0,1
2023-03-28_14:47:00,0,1
2023-03-28_14:56:45,0,1
2023-03-28_15:17:56,0,1
2023-03-28_15:52:23,0,2
2023-03-28_16:11:56,0,2
2023-03-28_16:45:18,0,1
2023-03-28_16:51:38,0,1
2023-03-28_16:53:53,0,1
2023-03-29_07:07:21,0,2
2023-03-29_07:34:51,0,1
2023-03-29_07:35:23,0,1
2023-03-29_09:07:05,0,1
2023-03-29_09:07:16,0,2
2023-03-29_09:07:21,0,1
2023-03-29_09:35:50,0,1
2023-03-29_10:25:51,0,1
2023-03-29_10:25:59,0,1
2023-03-29_10:35:37,0,1
2023-03-29_15:56:00,0,1
2023-03-29_18:43:29,0,1
2023-03-30_08:32:54,0,6
2023-03-30_11:31:15,0,1
2023-03-30_11:50:36,0,1
2023-03-30_11:53:24,0,1
2023-03-30_11:59:56,0,1
2023-03-30_13:15:50,0,3
2023-03-30_13:16:08,0,1
2023-03-30_14:10:59,0,2
2023-03-30_15:34:33,0,1
2023-03-30_16:04:44,0,1
2023-04-01_12:00:00,0,5
2023-04-02_12:00:00,5,0
2023-04-02_13:55:40,0,2
2023-04-02_13:56:17,0,1
2023-04-02_19:37:05,0,7
2023-04-02_22:28:58,0,1
2023-04-03_00:01:59,0,1
2023-04-03_03:51:54,0,2
2023-04-03_10:19:38,1,1
2023-04-03_12:16:23,0,1
